<?xml version="1.0" encoding="UTF-8"?>
<!-- Generated by org.testng.reporters.JUnitReportReporter -->
<testsuite skipped="0" hostname="RANJITH" name="SeleniumFramework.SeleniumTest" tests="2" failures="0" timestamp="2020-02-06T10:40:41 IST" time="0.016" errors="0">
  <testcase name="ElementsUI" time="0.002" classname="SeleniumFramework.SeleniumTest"/>
  <testcase name="BrowserAutomation" time="0.014" classname="SeleniumFramework.SeleniumTest"/>
</testsuite> <!-- SeleniumFramework.SeleniumTest -->
