<?xml version="1.0" encoding="UTF-8"?>
<!-- Generated by org.testng.reporters.JUnitReportReporter -->
<testsuite skipped="0" hostname="RANJITH" name="SeleniumFramework.RESTAPITest" tests="2" failures="0" timestamp="2020-02-06T10:43:36 IST" time="0.022" errors="0">
  <testcase name="PostJira" time="0.002" classname="SeleniumFramework.RESTAPITest"/>
  <testcase name="DeleteTwitter" time="0.020" classname="SeleniumFramework.RESTAPITest"/>
</testsuite> <!-- SeleniumFramework.RESTAPITest -->
