<?xml version="1.0" encoding="UTF-8"?>
<!-- Generated by org.testng.reporters.JUnitReportReporter -->
<testsuite skipped="0" hostname="RANJITH" name="SeleniumFramework.AppiumTest" tests="2" failures="0" timestamp="2020-02-06T22:05:27 IST" time="0.024" errors="0">
  <testcase name="Android" time="0.022" classname="SeleniumFramework.AppiumTest"/>
  <testcase name="IOSApps" time="0.002" classname="SeleniumFramework.AppiumTest"/>
</testsuite> <!-- SeleniumFramework.AppiumTest -->
