<?xml version="1.0" encoding="UTF-8"?>
<!-- Generated by org.testng.reporters.JUnitReportReporter -->
<testsuite skipped="0" hostname="RANJITH" name="SeleniumFramework.SeleniumTest" tests="2" failures="0" timestamp="2020-03-02T11:13:39 IST" time="0.003" errors="0">
  <testcase name="BrowserAutomation" time="0.002" classname="SeleniumFramework.SeleniumTest"/>
  <testcase name="ElementsUI" time="0.001" classname="SeleniumFramework.SeleniumTest"/>
</testsuite> <!-- SeleniumFramework.SeleniumTest -->
