<?xml version="1.0" encoding="UTF-8"?>
<!-- Generated by org.testng.reporters.JUnitReportReporter -->
<testsuite skipped="0" hostname="RANJITH" name="SeleniumFramework.RESTAPITest" tests="2" failures="0" timestamp="2020-03-02T11:13:39 IST" time="0.009" errors="0">
  <testcase name="DeleteTwitter" time="0.008" classname="SeleniumFramework.RESTAPITest"/>
  <testcase name="PostJira" time="0.001" classname="SeleniumFramework.RESTAPITest"/>
</testsuite> <!-- SeleniumFramework.RESTAPITest -->
