<?xml version="1.0" encoding="UTF-8"?>
<!-- Generated by org.testng.reporters.JUnitReportReporter -->
<testsuite skipped="0" hostname="RANJITH" name="SeleniumFramework.AppiumTest" tests="2" failures="0" timestamp="2020-03-02T11:13:39 IST" time="0.002" errors="0">
  <testcase name="Android" time="0.001" classname="SeleniumFramework.AppiumTest"/>
  <testcase name="IOSApps" time="0.001" classname="SeleniumFramework.AppiumTest"/>
</testsuite> <!-- SeleniumFramework.AppiumTest -->
